2022-02-11 16:51:44.886  INFO 5048 --- [restartedMain] com.example.oasis.OasisApplication       : Starting OasisApplication on ZD-20181101OSJZ with PID 5048 (E:\backend-webtest\target\classes started by 张睿 in E:\backend-webtest)
2022-02-11 16:51:44.889  INFO 5048 --- [restartedMain] com.example.oasis.OasisApplication       : No active profile set, falling back to default profiles: default
2022-02-11 16:51:44.936  INFO 5048 --- [restartedMain] o.s.b.devtools.restart.ChangeableUrls    : The Class-Path manifest attribute in D:\repository\xalan\xalan\2.7.2\xalan-2.7.2.jar referenced one or more files that do not exist: file:/D:/repository/xalan/xalan/2.7.2/xercesImpl.jar,file:/D:/repository/xalan/xalan/2.7.2/xml-apis.jar,file:/D:/repository/xalan/xalan/2.7.2/serializer.jar
2022-02-11 16:51:44.936  INFO 5048 --- [restartedMain] o.s.b.devtools.restart.ChangeableUrls    : The Class-Path manifest attribute in D:\repository\xalan\serializer\2.7.2\serializer-2.7.2.jar referenced one or more files that do not exist: file:/D:/repository/xalan/serializer/2.7.2/xml-apis.jar
2022-02-11 16:51:44.936  INFO 5048 --- [restartedMain] .e.DevToolsPropertyDefaultsPostProcessor : Devtools property defaults active! Set 'spring.devtools.add-properties' to 'false' to disable
2022-02-11 16:51:44.937  INFO 5048 --- [restartedMain] .e.DevToolsPropertyDefaultsPostProcessor : For additional web related logging consider setting the 'logging.level.web' property to 'DEBUG'
2022-02-11 16:51:45.707  WARN 5048 --- [restartedMain] o.m.s.mapper.ClassPathMapperScanner      : Skipping MapperFactoryBean with name 'addDataMapper' and 'com.example.oasis.dao.AddDataMapper' mapperInterface. Bean already defined with the same name!
2022-02-11 16:51:45.708  WARN 5048 --- [restartedMain] o.m.s.mapper.ClassPathMapperScanner      : Skipping MapperFactoryBean with name 'authorPicMapper' and 'com.example.oasis.dao.AuthorPicMapper' mapperInterface. Bean already defined with the same name!
2022-02-11 16:51:45.708  WARN 5048 --- [restartedMain] o.m.s.mapper.ClassPathMapperScanner      : Skipping MapperFactoryBean with name 'conferPicMapper' and 'com.example.oasis.dao.ConferPicMapper' mapperInterface. Bean already defined with the same name!
2022-02-11 16:51:45.708  WARN 5048 --- [restartedMain] o.m.s.mapper.ClassPathMapperScanner      : Skipping MapperFactoryBean with name 'paperMapper' and 'com.example.oasis.dao.PaperMapper' mapperInterface. Bean already defined with the same name!
2022-02-11 16:51:45.708  WARN 5048 --- [restartedMain] o.m.s.mapper.ClassPathMapperScanner      : Skipping MapperFactoryBean with name 'portrayMapper' and 'com.example.oasis.dao.PortrayMapper' mapperInterface. Bean already defined with the same name!
2022-02-11 16:51:45.709  WARN 5048 --- [restartedMain] o.m.s.mapper.ClassPathMapperScanner      : Skipping MapperFactoryBean with name 'rankMapper' and 'com.example.oasis.dao.RankMapper' mapperInterface. Bean already defined with the same name!
2022-02-11 16:51:45.709  WARN 5048 --- [restartedMain] o.m.s.mapper.ClassPathMapperScanner      : Skipping MapperFactoryBean with name 'statisticsMapper' and 'com.example.oasis.dao.StatisticsMapper' mapperInterface. Bean already defined with the same name!
2022-02-11 16:51:45.709  WARN 5048 --- [restartedMain] o.m.s.mapper.ClassPathMapperScanner      : Skipping MapperFactoryBean with name 'userMapper' and 'com.example.oasis.dao.UserMapper' mapperInterface. Bean already defined with the same name!
2022-02-11 16:51:45.709  WARN 5048 --- [restartedMain] o.m.s.mapper.ClassPathMapperScanner      : No MyBatis mapper was found in '[com.example.oasis.dao]' package. Please check your configuration.
2022-02-11 16:51:45.711  WARN 5048 --- [restartedMain] o.m.s.mapper.ClassPathMapperScanner      : Skipping MapperFactoryBean with name 'addDataMapper' and 'com.example.oasis.dao.AddDataMapper' mapperInterface. Bean already defined with the same name!
2022-02-11 16:51:45.712  WARN 5048 --- [restartedMain] o.m.s.mapper.ClassPathMapperScanner      : Skipping MapperFactoryBean with name 'authorPicMapper' and 'com.example.oasis.dao.AuthorPicMapper' mapperInterface. Bean already defined with the same name!
2022-02-11 16:51:45.712  WARN 5048 --- [restartedMain] o.m.s.mapper.ClassPathMapperScanner      : Skipping MapperFactoryBean with name 'conferPicMapper' and 'com.example.oasis.dao.ConferPicMapper' mapperInterface. Bean already defined with the same name!
2022-02-11 16:51:45.712  WARN 5048 --- [restartedMain] o.m.s.mapper.ClassPathMapperScanner      : Skipping MapperFactoryBean with name 'paperMapper' and 'com.example.oasis.dao.PaperMapper' mapperInterface. Bean already defined with the same name!
2022-02-11 16:51:45.712  WARN 5048 --- [restartedMain] o.m.s.mapper.ClassPathMapperScanner      : Skipping MapperFactoryBean with name 'portrayMapper' and 'com.example.oasis.dao.PortrayMapper' mapperInterface. Bean already defined with the same name!
2022-02-11 16:51:45.713  WARN 5048 --- [restartedMain] o.m.s.mapper.ClassPathMapperScanner      : Skipping MapperFactoryBean with name 'rankMapper' and 'com.example.oasis.dao.RankMapper' mapperInterface. Bean already defined with the same name!
2022-02-11 16:51:45.713  WARN 5048 --- [restartedMain] o.m.s.mapper.ClassPathMapperScanner      : Skipping MapperFactoryBean with name 'statisticsMapper' and 'com.example.oasis.dao.StatisticsMapper' mapperInterface. Bean already defined with the same name!
2022-02-11 16:51:45.713  WARN 5048 --- [restartedMain] o.m.s.mapper.ClassPathMapperScanner      : Skipping MapperFactoryBean with name 'userMapper' and 'com.example.oasis.dao.UserMapper' mapperInterface. Bean already defined with the same name!
2022-02-11 16:51:45.713  WARN 5048 --- [restartedMain] o.m.s.mapper.ClassPathMapperScanner      : No MyBatis mapper was found in '[com.example.oasis.dao]' package. Please check your configuration.
2022-02-11 16:51:45.716  WARN 5048 --- [restartedMain] o.m.s.mapper.ClassPathMapperScanner      : Skipping MapperFactoryBean with name 'addDataMapper' and 'com.example.oasis.dao.AddDataMapper' mapperInterface. Bean already defined with the same name!
2022-02-11 16:51:45.716  WARN 5048 --- [restartedMain] o.m.s.mapper.ClassPathMapperScanner      : Skipping MapperFactoryBean with name 'authorPicMapper' and 'com.example.oasis.dao.AuthorPicMapper' mapperInterface. Bean already defined with the same name!
2022-02-11 16:51:45.716  WARN 5048 --- [restartedMain] o.m.s.mapper.ClassPathMapperScanner      : Skipping MapperFactoryBean with name 'conferPicMapper' and 'com.example.oasis.dao.ConferPicMapper' mapperInterface. Bean already defined with the same name!
2022-02-11 16:51:45.716  WARN 5048 --- [restartedMain] o.m.s.mapper.ClassPathMapperScanner      : Skipping MapperFactoryBean with name 'paperMapper' and 'com.example.oasis.dao.PaperMapper' mapperInterface. Bean already defined with the same name!
2022-02-11 16:51:45.717  WARN 5048 --- [restartedMain] o.m.s.mapper.ClassPathMapperScanner      : Skipping MapperFactoryBean with name 'portrayMapper' and 'com.example.oasis.dao.PortrayMapper' mapperInterface. Bean already defined with the same name!
2022-02-11 16:51:45.717  WARN 5048 --- [restartedMain] o.m.s.mapper.ClassPathMapperScanner      : Skipping MapperFactoryBean with name 'rankMapper' and 'com.example.oasis.dao.RankMapper' mapperInterface. Bean already defined with the same name!
2022-02-11 16:51:45.717  WARN 5048 --- [restartedMain] o.m.s.mapper.ClassPathMapperScanner      : Skipping MapperFactoryBean with name 'statisticsMapper' and 'com.example.oasis.dao.StatisticsMapper' mapperInterface. Bean already defined with the same name!
2022-02-11 16:51:45.717  WARN 5048 --- [restartedMain] o.m.s.mapper.ClassPathMapperScanner      : Skipping MapperFactoryBean with name 'userMapper' and 'com.example.oasis.dao.UserMapper' mapperInterface. Bean already defined with the same name!
2022-02-11 16:51:45.717  WARN 5048 --- [restartedMain] o.m.s.mapper.ClassPathMapperScanner      : No MyBatis mapper was found in '[com.example.oasis.dao]' package. Please check your configuration.
2022-02-11 16:51:46.745  INFO 5048 --- [restartedMain] o.s.b.w.embedded.tomcat.TomcatWebServer  : Tomcat initialized with port(s): 8090 (http)
2022-02-11 16:51:46.754  INFO 5048 --- [restartedMain] o.apache.catalina.core.StandardService   : Starting service [Tomcat]
2022-02-11 16:51:46.754  INFO 5048 --- [restartedMain] org.apache.catalina.core.StandardEngine  : Starting Servlet engine: [Apache Tomcat/9.0.31]
2022-02-11 16:51:46.757  INFO 5048 --- [restartedMain] o.a.catalina.core.AprLifecycleListener   : Loaded APR based Apache Tomcat Native library [1.2.23] using APR version [1.7.0].
2022-02-11 16:51:46.757  INFO 5048 --- [restartedMain] o.a.catalina.core.AprLifecycleListener   : APR capabilities: IPv6 [true], sendfile [true], accept filters [false], random [true].
2022-02-11 16:51:46.757  INFO 5048 --- [restartedMain] o.a.catalina.core.AprLifecycleListener   : APR/OpenSSL configuration: useAprConnector [false], useOpenSSL [true]
2022-02-11 16:51:46.771  INFO 5048 --- [restartedMain] o.a.catalina.core.AprLifecycleListener   : OpenSSL successfully initialized [OpenSSL 1.1.1c  28 May 2019]
2022-02-11 16:51:46.860  INFO 5048 --- [restartedMain] o.a.c.c.C.[Tomcat].[localhost].[/]       : Initializing Spring embedded WebApplicationContext
2022-02-11 16:51:46.861  INFO 5048 --- [restartedMain] o.s.web.context.ContextLoader            : Root WebApplicationContext: initialization completed in 1924 ms
2022-02-11 16:51:47.712  INFO 5048 --- [restartedMain] o.s.s.concurrent.ThreadPoolTaskExecutor  : Initializing ExecutorService 'applicationTaskExecutor'
2022-02-11 16:51:47.957  INFO 5048 --- [restartedMain] o.s.s.c.ThreadPoolTaskScheduler          : Initializing ExecutorService 'taskScheduler'
2022-02-11 16:51:47.999  INFO 5048 --- [restartedMain] o.s.b.d.a.OptionalLiveReloadServer       : LiveReload server is running on port 35729
2022-02-11 16:51:48.002  INFO 5048 --- [restartedMain] o.s.b.a.e.web.EndpointLinksResolver      : Exposing 2 endpoint(s) beneath base path '/actuator'
2022-02-11 16:51:48.069  INFO 5048 --- [restartedMain] o.s.b.w.embedded.tomcat.TomcatWebServer  : Tomcat started on port(s): 8090 (http) with context path ''
2022-02-11 16:51:48.072  INFO 5048 --- [restartedMain] com.example.oasis.OasisApplication       : Started OasisApplication in 3.69 seconds (JVM running for 5.789)
2022-02-11 16:51:48.501  INFO 5048 --- [RMI TCP Connection(1)-192.168.131.1] com.zaxxer.hikari.HikariDataSource       : newxyzzdb - Starting...
2022-02-11 16:51:48.673  INFO 5048 --- [RMI TCP Connection(1)-192.168.131.1] com.zaxxer.hikari.HikariDataSource       : newxyzzdb - Start completed.
2022-02-11 16:51:49.492  INFO 5048 --- [RMI TCP Connection(3)-192.168.131.1] o.a.c.c.C.[Tomcat].[localhost].[/]       : Initializing Spring DispatcherServlet 'dispatcherServlet'
2022-02-11 16:51:49.492  INFO 5048 --- [RMI TCP Connection(3)-192.168.131.1] o.s.web.servlet.DispatcherServlet        : Initializing Servlet 'dispatcherServlet'
2022-02-11 16:51:49.501  INFO 5048 --- [RMI TCP Connection(3)-192.168.131.1] o.s.web.servlet.DispatcherServlet        : Completed initialization in 9 ms
